<?xml version="1.0" encoding="UTF-8"?>
<!-- Generated by org.testng.reporters.JUnitReportReporter -->
<testsuite hostname="VGG-LT-566" failures="0" tests="1" name="MetalAndroid.SignUp" time="16.566" errors="0" timestamp="2023-02-15T03:37:18 CST" skipped="0">
  <testcase classname="MetalAndroid.SignUp" name="test" time="16.566"/>
  <system-out/>
</testsuite> <!-- MetalAndroid.SignUp -->
