<?xml version="1.0" encoding="UTF-8"?>
<!-- Generated by org.testng.reporters.JUnitReportReporter -->
<testsuite hostname="VGG-LT-566" failures="0" tests="1" name="MetalAndroid.Onboarding" time="12.417" errors="0" timestamp="2023-02-03T19:35:00 CST" skipped="0">
  <testcase classname="MetalAndroid.Onboarding" name="test" time="12.417"/>
  <system-out/>
</testsuite> <!-- MetalAndroid.Onboarding -->
